This file contains any messages produced by compilers while
running configure, to aid debugging if configure makes a mistake.

It was created by amsynth configure 1.8.0, which was
generated by GNU Autoconf 2.69.  Invocation command line was

  $ ./configure --prefix=/usr --with-alsa --with-jack --with-sndfile --with-dssi

## --------- ##
## Platform. ##
## --------- ##

hostname = looperpi
uname -m = armv7l
uname -r = 4.14.71-1-ARCH
uname -s = Linux
uname -v = #1 SMP Sat Sep 22 01:13:09 UTC 2018

/usr/bin/uname -p = unknown
/bin/uname -X     = unknown

/bin/arch              = unknown
/usr/bin/arch -k       = unknown
/usr/convex/getsysinfo = unknown
/usr/bin/hostinfo      = unknown
/bin/machine           = unknown
/usr/bin/oslevel       = unknown
/bin/universe          = unknown

PATH: /usr/local/sbin
PATH: /usr/local/bin
PATH: /usr/bin
PATH: /usr/bin/site_perl
PATH: /usr/bin/vendor_perl
PATH: /usr/bin/core_perl


## ----------- ##
## Core tests. ##
## ----------- ##

configure:2608: checking for a BSD-compatible install
configure:2676: result: /usr/bin/install -c
configure:2687: checking whether build environment is sane
configure:2742: result: yes
configure:2893: checking for a thread-safe mkdir -p
configure:2932: result: /usr/bin/mkdir -p
configure:2939: checking for gawk
configure:2955: found /usr/bin/gawk
configure:2966: result: gawk
configure:2977: checking whether make sets $(MAKE)
configure:2999: result: yes
configure:3028: checking whether make supports nested variables
configure:3045: result: yes
configure:3182: checking whether make supports nested variables
configure:3199: result: yes
configure:3268: checking for gcc
configure:3284: found /usr/bin/gcc
configure:3295: result: gcc
configure:3524: checking for C compiler version
configure:3533: gcc --version >&5
gcc (GCC) 8.2.0
Copyright (C) 2018 Free Software Foundation, Inc.
This is free software; see the source for copying conditions.  There is NO
warranty; not even for MERCHANTABILITY or FITNESS FOR A PARTICULAR PURPOSE.

configure:3544: $? = 0
configure:3533: gcc -v >&5
Using built-in specs.
COLLECT_GCC=gcc
COLLECT_LTO_WRAPPER=/usr/lib/gcc/armv7l-unknown-linux-gnueabihf/8.2.0/lto-wrapper
Target: armv7l-unknown-linux-gnueabihf
Configured with: /build/gcc/src/gcc/configure --prefix=/usr --libdir=/usr/lib --libexecdir=/usr/lib --mandir=/usr/share/man --infodir=/usr/share/info --with-bugurl=https://github.com/archlinuxarm/PKGBUILDs/issues --enable-languages=c,c++,fortran,go,lto,objc,obj-c++ --enable-shared --enable-threads=posix --with-system-zlib --with-isl --enable-__cxa_atexit --disable-libunwind-exceptions --enable-clocale=gnu --disable-libstdcxx-pch --disable-libssp --enable-gnu-unique-object --enable-linker-build-id --enable-lto --enable-plugin --enable-install-libiberty --with-linker-hash-style=gnu --enable-gnu-indirect-function --disable-multilib --disable-werror --enable-checking=release --enable-default-pie --enable-default-ssp --host=armv7l-unknown-linux-gnueabihf --build=armv7l-unknown-linux-gnueabihf --with-arch=armv7-a --with-float=hard --with-fpu=vfpv3-d16
Thread model: posix
gcc version 8.2.0 (GCC) 
configure:3544: $? = 0
configure:3533: gcc -V >&5
gcc: error: unrecognized command line option '-V'
gcc: fatal error: no input files
compilation terminated.
configure:3544: $? = 1
configure:3533: gcc -qversion >&5
gcc: error: unrecognized command line option '-qversion'; did you mean '--version'?
gcc: fatal error: no input files
compilation terminated.
configure:3544: $? = 1
configure:3564: checking whether the C compiler works
configure:3586: gcc -march=armv7-a -mfloat-abi=hard -mfpu=vfpv3-d16 -O2 -pipe -fstack-protector --param=ssp-buffer-size=4 -D_FORTIFY_SOURCE=2 -Wl,-O1,--sort-common,--as-needed,-z,relro conftest.c  >&5
configure:3590: $? = 0
configure:3638: result: yes
configure:3641: checking for C compiler default output file name
configure:3643: result: a.out
configure:3649: checking for suffix of executables
configure:3656: gcc -o conftest -march=armv7-a -mfloat-abi=hard -mfpu=vfpv3-d16 -O2 -pipe -fstack-protector --param=ssp-buffer-size=4 -D_FORTIFY_SOURCE=2 -Wl,-O1,--sort-common,--as-needed,-z,relro conftest.c  >&5
configure:3660: $? = 0
configure:3682: result: 
configure:3704: checking whether we are cross compiling
configure:3712: gcc -o conftest -march=armv7-a -mfloat-abi=hard -mfpu=vfpv3-d16 -O2 -pipe -fstack-protector --param=ssp-buffer-size=4 -D_FORTIFY_SOURCE=2 -Wl,-O1,--sort-common,--as-needed,-z,relro conftest.c  >&5
configure:3716: $? = 0
configure:3723: ./conftest
configure:3727: $? = 0
configure:3742: result: no
configure:3747: checking for suffix of object files
configure:3769: gcc -c -march=armv7-a -mfloat-abi=hard -mfpu=vfpv3-d16 -O2 -pipe -fstack-protector --param=ssp-buffer-size=4 -D_FORTIFY_SOURCE=2 conftest.c >&5
configure:3773: $? = 0
configure:3794: result: o
configure:3798: checking whether we are using the GNU C compiler
configure:3817: gcc -c -march=armv7-a -mfloat-abi=hard -mfpu=vfpv3-d16 -O2 -pipe -fstack-protector --param=ssp-buffer-size=4 -D_FORTIFY_SOURCE=2 conftest.c >&5
configure:3817: $? = 0
configure:3826: result: yes
configure:3835: checking whether gcc accepts -g
configure:3855: gcc -c -g -D_FORTIFY_SOURCE=2 conftest.c >&5
configure:3855: $? = 0
configure:3896: result: yes
configure:3913: checking for gcc option to accept ISO C89
configure:3976: gcc  -c -march=armv7-a -mfloat-abi=hard -mfpu=vfpv3-d16 -O2 -pipe -fstack-protector --param=ssp-buffer-size=4 -D_FORTIFY_SOURCE=2 conftest.c >&5
configure:3976: $? = 0
configure:3989: result: none needed
configure:4014: checking whether gcc understands -c and -o together
configure:4036: gcc -c conftest.c -o conftest2.o
configure:4039: $? = 0
configure:4036: gcc -c conftest.c -o conftest2.o
configure:4039: $? = 0
configure:4051: result: yes
configure:4079: checking for style of include used by make
configure:4107: result: GNU
configure:4133: checking dependency style of gcc
configure:4244: result: gcc3
configure:4318: checking for g++
configure:4334: found /usr/bin/g++
configure:4345: result: g++
configure:4372: checking for C++ compiler version
configure:4381: g++ --version >&5
g++ (GCC) 8.2.0
Copyright (C) 2018 Free Software Foundation, Inc.
This is free software; see the source for copying conditions.  There is NO
warranty; not even for MERCHANTABILITY or FITNESS FOR A PARTICULAR PURPOSE.

configure:4392: $? = 0
configure:4381: g++ -v >&5
Using built-in specs.
COLLECT_GCC=g++
COLLECT_LTO_WRAPPER=/usr/lib/gcc/armv7l-unknown-linux-gnueabihf/8.2.0/lto-wrapper
Target: armv7l-unknown-linux-gnueabihf
Configured with: /build/gcc/src/gcc/configure --prefix=/usr --libdir=/usr/lib --libexecdir=/usr/lib --mandir=/usr/share/man --infodir=/usr/share/info --with-bugurl=https://github.com/archlinuxarm/PKGBUILDs/issues --enable-languages=c,c++,fortran,go,lto,objc,obj-c++ --enable-shared --enable-threads=posix --with-system-zlib --with-isl --enable-__cxa_atexit --disable-libunwind-exceptions --enable-clocale=gnu --disable-libstdcxx-pch --disable-libssp --enable-gnu-unique-object --enable-linker-build-id --enable-lto --enable-plugin --enable-install-libiberty --with-linker-hash-style=gnu --enable-gnu-indirect-function --disable-multilib --disable-werror --enable-checking=release --enable-default-pie --enable-default-ssp --host=armv7l-unknown-linux-gnueabihf --build=armv7l-unknown-linux-gnueabihf --with-arch=armv7-a --with-float=hard --with-fpu=vfpv3-d16
Thread model: posix
gcc version 8.2.0 (GCC) 
configure:4392: $? = 0
configure:4381: g++ -V >&5
g++: error: unrecognized command line option '-V'
g++: fatal error: no input files
compilation terminated.
configure:4392: $? = 1
configure:4381: g++ -qversion >&5
g++: error: unrecognized command line option '-qversion'; did you mean '--version'?
g++: fatal error: no input files
compilation terminated.
configure:4392: $? = 1
configure:4396: checking whether we are using the GNU C++ compiler
configure:4415: g++ -c -march=armv7-a -mfloat-abi=hard -mfpu=vfpv3-d16 -O2 -pipe -fstack-protector --param=ssp-buffer-size=4 -D_FORTIFY_SOURCE=2 conftest.cpp >&5
configure:4415: $? = 0
configure:4424: result: yes
configure:4433: checking whether g++ accepts -g
configure:4453: g++ -c -g -D_FORTIFY_SOURCE=2 conftest.cpp >&5
configure:4453: $? = 0
configure:4494: result: yes
configure:4519: checking dependency style of g++
configure:4630: result: gcc3
configure:4675: checking build system type
configure:4689: result: armv7l-unknown-linux-gnueabihf
configure:4709: checking host system type
configure:4722: result: armv7l-unknown-linux-gnueabihf
configure:4763: checking how to print strings
configure:4790: result: printf
configure:4811: checking for a sed that does not truncate output
configure:4875: result: /usr/bin/sed
configure:4893: checking for grep that handles long lines and -e
configure:4951: result: /usr/bin/grep
configure:4956: checking for egrep
configure:5018: result: /usr/bin/grep -E
configure:5023: checking for fgrep
configure:5085: result: /usr/bin/grep -F
configure:5120: checking for ld used by gcc
configure:5187: result: /usr/bin/ld
configure:5194: checking if the linker (/usr/bin/ld) is GNU ld
configure:5209: result: yes
configure:5221: checking for BSD- or MS-compatible name lister (nm)
configure:5275: result: /usr/bin/nm -B
configure:5405: checking the name lister (/usr/bin/nm -B) interface
configure:5412: gcc -c -march=armv7-a -mfloat-abi=hard -mfpu=vfpv3-d16 -O2 -pipe -fstack-protector --param=ssp-buffer-size=4 -D_FORTIFY_SOURCE=2 conftest.c >&5
configure:5415: /usr/bin/nm -B "conftest.o"
configure:5418: output
00000000 B some_variable
configure:5425: result: BSD nm
configure:5428: checking whether ln -s works
configure:5432: result: yes
configure:5440: checking the maximum length of command line arguments
configure:5571: result: 1572864
configure:5619: checking how to convert armv7l-unknown-linux-gnueabihf file names to armv7l-unknown-linux-gnueabihf format
configure:5659: result: func_convert_file_noop
configure:5666: checking how to convert armv7l-unknown-linux-gnueabihf file names to toolchain format
configure:5686: result: func_convert_file_noop
configure:5693: checking for /usr/bin/ld option to reload object files
configure:5700: result: -r
configure:5774: checking for objdump
configure:5790: found /usr/bin/objdump
configure:5801: result: objdump
configure:5833: checking how to recognize dependent libraries
configure:6033: result: pass_all
configure:6118: checking for dlltool
configure:6148: result: no
configure:6178: checking how to associate runtime and link libraries
configure:6205: result: printf %s\n
configure:6266: checking for ar
configure:6282: found /usr/bin/ar
configure:6293: result: ar
configure:6330: checking for archiver @FILE support
configure:6347: gcc -c -march=armv7-a -mfloat-abi=hard -mfpu=vfpv3-d16 -O2 -pipe -fstack-protector --param=ssp-buffer-size=4 -D_FORTIFY_SOURCE=2 conftest.c >&5
configure:6347: $? = 0
configure:6350: ar cru libconftest.a @conftest.lst >&5
ar: `u' modifier ignored since `D' is the default (see `U')
configure:6353: $? = 0
configure:6358: ar cru libconftest.a @conftest.lst >&5
ar: `u' modifier ignored since `D' is the default (see `U')
ar: conftest.o: No such file or directory
configure:6361: $? = 1
configure:6373: result: @
configure:6431: checking for strip
configure:6447: found /usr/bin/strip
configure:6458: result: strip
configure:6530: checking for ranlib
configure:6546: found /usr/bin/ranlib
configure:6557: result: ranlib
configure:6659: checking command to parse /usr/bin/nm -B output from gcc object
configure:6812: gcc -c -march=armv7-a -mfloat-abi=hard -mfpu=vfpv3-d16 -O2 -pipe -fstack-protector --param=ssp-buffer-size=4 -D_FORTIFY_SOURCE=2 conftest.c >&5
configure:6815: $? = 0
configure:6819: /usr/bin/nm -B conftest.o \| sed -n -e 's/^.*[ ]\([ABCDGIRSTW][ABCDGIRSTW]*\)[ ][ ]*\([_A-Za-z][_A-Za-z0-9]*\)$/\1 \2 \2/p' | sed '/ __gnu_lto/d' \> conftest.nm
configure:6822: $? = 0
configure:6888: gcc -o conftest -march=armv7-a -mfloat-abi=hard -mfpu=vfpv3-d16 -O2 -pipe -fstack-protector --param=ssp-buffer-size=4 -D_FORTIFY_SOURCE=2 -Wl,-O1,--sort-common,--as-needed,-z,relro conftest.c conftstm.o >&5
configure:6891: $? = 0
configure:6929: result: ok
configure:6976: checking for sysroot
configure:7006: result: no
configure:7013: checking for a working dd
configure:7051: result: /usr/bin/dd
configure:7055: checking how to truncate binary pipes
configure:7070: result: /usr/bin/dd bs=4096 count=1
configure:7399: checking for mt
configure:7429: result: no
configure:7449: checking if : is a manifest tool
configure:7455: : '-?'
configure:7463: result: no
configure:8140: checking how to run the C preprocessor
configure:8171: gcc -E -D_FORTIFY_SOURCE=2 conftest.c
In file included from /usr/include/bits/libc-header-start.h:33,
                 from /usr/include/limits.h:26,
                 from /usr/lib/gcc/armv7l-unknown-linux-gnueabihf/8.2.0/include-fixed/limits.h:194,
                 from /usr/lib/gcc/armv7l-unknown-linux-gnueabihf/8.2.0/include-fixed/syslimits.h:7,
                 from /usr/lib/gcc/armv7l-unknown-linux-gnueabihf/8.2.0/include-fixed/limits.h:34,
                 from conftest.c:12:
/usr/include/features.h:381:4: warning: #warning _FORTIFY_SOURCE requires compiling with optimization (-O) [-Wcpp]
 #  warning _FORTIFY_SOURCE requires compiling with optimization (-O)
    ^~~~~~~
configure:8171: $? = 0
configure:8185: gcc -E -D_FORTIFY_SOURCE=2 conftest.c
conftest.c:11:10: fatal error: ac_nonexistent.h: No such file or directory
 #include <ac_nonexistent.h>
          ^~~~~~~~~~~~~~~~~~
compilation terminated.
configure:8185: $? = 1
configure: failed program was:
| /* confdefs.h */
| #define PACKAGE_NAME "amsynth"
| #define PACKAGE_TARNAME "amsynth"
| #define PACKAGE_VERSION "1.8.0"
| #define PACKAGE_STRING "amsynth 1.8.0"
| #define PACKAGE_BUGREPORT "https://github.com/amsynth/amsynth/issues"
| #define PACKAGE_URL "https://amsynth.github.io"
| #define PACKAGE "amsynth"
| #define VERSION "1.8.0"
| /* end confdefs.h.  */
| #include <ac_nonexistent.h>
configure:8210: result: gcc -E
configure:8230: gcc -E -D_FORTIFY_SOURCE=2 conftest.c
In file included from /usr/include/bits/libc-header-start.h:33,
                 from /usr/include/limits.h:26,
                 from /usr/lib/gcc/armv7l-unknown-linux-gnueabihf/8.2.0/include-fixed/limits.h:194,
                 from /usr/lib/gcc/armv7l-unknown-linux-gnueabihf/8.2.0/include-fixed/syslimits.h:7,
                 from /usr/lib/gcc/armv7l-unknown-linux-gnueabihf/8.2.0/include-fixed/limits.h:34,
                 from conftest.c:12:
/usr/include/features.h:381:4: warning: #warning _FORTIFY_SOURCE requires compiling with optimization (-O) [-Wcpp]
 #  warning _FORTIFY_SOURCE requires compiling with optimization (-O)
    ^~~~~~~
configure:8230: $? = 0
configure:8244: gcc -E -D_FORTIFY_SOURCE=2 conftest.c
conftest.c:11:10: fatal error: ac_nonexistent.h: No such file or directory
 #include <ac_nonexistent.h>
          ^~~~~~~~~~~~~~~~~~
compilation terminated.
configure:8244: $? = 1
configure: failed program was:
| /* confdefs.h */
| #define PACKAGE_NAME "amsynth"
| #define PACKAGE_TARNAME "amsynth"
| #define PACKAGE_VERSION "1.8.0"
| #define PACKAGE_STRING "amsynth 1.8.0"
| #define PACKAGE_BUGREPORT "https://github.com/amsynth/amsynth/issues"
| #define PACKAGE_URL "https://amsynth.github.io"
| #define PACKAGE "amsynth"
| #define VERSION "1.8.0"
| /* end confdefs.h.  */
| #include <ac_nonexistent.h>
configure:8273: checking for ANSI C header files
configure:8293: gcc -c -march=armv7-a -mfloat-abi=hard -mfpu=vfpv3-d16 -O2 -pipe -fstack-protector --param=ssp-buffer-size=4 -D_FORTIFY_SOURCE=2 conftest.c >&5
configure:8293: $? = 0
In file included from /usr/include/bits/libc-header-start.h:33,
                 from /usr/include/string.h:26,
                 from conftest.c:11:
/usr/include/features.h:381:4: warning: #warning _FORTIFY_SOURCE requires compiling with optimization (-O) [-Wcpp]
 #  warning _FORTIFY_SOURCE requires compiling with optimization (-O)
    ^~~~~~~
In file included from /usr/include/bits/libc-header-start.h:33,
                 from /usr/include/stdlib.h:25,
                 from conftest.c:11:
/usr/include/features.h:381:4: warning: #warning _FORTIFY_SOURCE requires compiling with optimization (-O) [-Wcpp]
 #  warning _FORTIFY_SOURCE requires compiling with optimization (-O)
    ^~~~~~~
configure:8366: gcc -o conftest -march=armv7-a -mfloat-abi=hard -mfpu=vfpv3-d16 -O2 -pipe -fstack-protector --param=ssp-buffer-size=4 -D_FORTIFY_SOURCE=2 -Wl,-O1,--sort-common,--as-needed,-z,relro conftest.c  >&5
configure:8366: $? = 0
configure:8366: ./conftest
configure:8366: $? = 0
configure:8377: result: yes
configure:8390: checking for sys/types.h
configure:8390: gcc -c -march=armv7-a -mfloat-abi=hard -mfpu=vfpv3-d16 -O2 -pipe -fstack-protector --param=ssp-buffer-size=4 -D_FORTIFY_SOURCE=2 conftest.c >&5
configure:8390: $? = 0
configure:8390: result: yes
configure:8390: checking for sys/stat.h
configure:8390: gcc -c -march=armv7-a -mfloat-abi=hard -mfpu=vfpv3-d16 -O2 -pipe -fstack-protector --param=ssp-buffer-size=4 -D_FORTIFY_SOURCE=2 conftest.c >&5
configure:8390: $? = 0
configure:8390: result: yes
configure:8390: checking for stdlib.h
configure:8390: gcc -c -march=armv7-a -mfloat-abi=hard -mfpu=vfpv3-d16 -O2 -pipe -fstack-protector --param=ssp-buffer-size=4 -D_FORTIFY_SOURCE=2 conftest.c >&5
configure:8390: $? = 0
configure:8390: result: yes
configure:8390: checking for string.h
configure:8390: gcc -c -march=armv7-a -mfloat-abi=hard -mfpu=vfpv3-d16 -O2 -pipe -fstack-protector --param=ssp-buffer-size=4 -D_FORTIFY_SOURCE=2 conftest.c >&5
configure:8390: $? = 0
configure:8390: result: yes
configure:8390: checking for memory.h
configure:8390: gcc -c -march=armv7-a -mfloat-abi=hard -mfpu=vfpv3-d16 -O2 -pipe -fstack-protector --param=ssp-buffer-size=4 -D_FORTIFY_SOURCE=2 conftest.c >&5
configure:8390: $? = 0
configure:8390: result: yes
configure:8390: checking for strings.h
configure:8390: gcc -c -march=armv7-a -mfloat-abi=hard -mfpu=vfpv3-d16 -O2 -pipe -fstack-protector --param=ssp-buffer-size=4 -D_FORTIFY_SOURCE=2 conftest.c >&5
configure:8390: $? = 0
configure:8390: result: yes
configure:8390: checking for inttypes.h
configure:8390: gcc -c -march=armv7-a -mfloat-abi=hard -mfpu=vfpv3-d16 -O2 -pipe -fstack-protector --param=ssp-buffer-size=4 -D_FORTIFY_SOURCE=2 conftest.c >&5
configure:8390: $? = 0
configure:8390: result: yes
configure:8390: checking for stdint.h
configure:8390: gcc -c -march=armv7-a -mfloat-abi=hard -mfpu=vfpv3-d16 -O2 -pipe -fstack-protector --param=ssp-buffer-size=4 -D_FORTIFY_SOURCE=2 conftest.c >&5
configure:8390: $? = 0
configure:8390: result: yes
configure:8390: checking for unistd.h
configure:8390: gcc -c -march=armv7-a -mfloat-abi=hard -mfpu=vfpv3-d16 -O2 -pipe -fstack-protector --param=ssp-buffer-size=4 -D_FORTIFY_SOURCE=2 conftest.c >&5
configure:8390: $? = 0
configure:8390: result: yes
configure:8404: checking for dlfcn.h
configure:8404: gcc -c -march=armv7-a -mfloat-abi=hard -mfpu=vfpv3-d16 -O2 -pipe -fstack-protector --param=ssp-buffer-size=4 -D_FORTIFY_SOURCE=2 conftest.c >&5
configure:8404: $? = 0
configure:8404: result: yes
configure:8671: checking for objdir
configure:8686: result: .libs
configure:8950: checking if gcc supports -fno-rtti -fno-exceptions
configure:8968: gcc -c -march=armv7-a -mfloat-abi=hard -mfpu=vfpv3-d16 -O2 -pipe -fstack-protector --param=ssp-buffer-size=4 -D_FORTIFY_SOURCE=2 -fno-rtti -fno-exceptions conftest.c >&5
cc1: warning: command line option '-fno-rtti' is valid for C++/ObjC++ but not for C
configure:8972: $? = 0
configure:8985: result: no
configure:9343: checking for gcc option to produce PIC
configure:9350: result: -fPIC -DPIC
configure:9358: checking if gcc PIC flag -fPIC -DPIC works
configure:9376: gcc -c -march=armv7-a -mfloat-abi=hard -mfpu=vfpv3-d16 -O2 -pipe -fstack-protector --param=ssp-buffer-size=4 -D_FORTIFY_SOURCE=2 -fPIC -DPIC -DPIC conftest.c >&5
configure:9380: $? = 0
configure:9393: result: yes
configure:9422: checking if gcc static flag -static works
configure:9450: result: yes
configure:9465: checking if gcc supports -c -o file.o
configure:9486: gcc -c -march=armv7-a -mfloat-abi=hard -mfpu=vfpv3-d16 -O2 -pipe -fstack-protector --param=ssp-buffer-size=4 -D_FORTIFY_SOURCE=2 -o out/conftest2.o conftest.c >&5
configure:9490: $? = 0
configure:9512: result: yes
configure:9520: checking if gcc supports -c -o file.o
configure:9567: result: yes
configure:9600: checking whether the gcc linker (/usr/bin/ld) supports shared libraries
configure:10859: result: yes
configure:10896: checking whether -lc should be explicitly linked in
configure:10904: gcc -c -march=armv7-a -mfloat-abi=hard -mfpu=vfpv3-d16 -O2 -pipe -fstack-protector --param=ssp-buffer-size=4 -D_FORTIFY_SOURCE=2 conftest.c >&5
configure:10907: $? = 0
configure:10922: gcc -shared  -fPIC -DPIC conftest.o  -v -Wl,-soname -Wl,conftest -o conftest 2\>\&1 \| /usr/bin/grep  -lc  \>/dev/null 2\>\&1
configure:10925: $? = 0
configure:10939: result: no
configure:11099: checking dynamic linker characteristics
configure:11680: gcc -o conftest -march=armv7-a -mfloat-abi=hard -mfpu=vfpv3-d16 -O2 -pipe -fstack-protector --param=ssp-buffer-size=4 -D_FORTIFY_SOURCE=2 -Wl,-O1,--sort-common,--as-needed,-z,relro -Wl,-rpath -Wl,/foo conftest.c  >&5
configure:11680: $? = 0
configure:11917: result: GNU/Linux ld.so
configure:12039: checking how to hardcode library paths into programs
configure:12064: result: immediate
configure:12612: checking whether stripping libraries is possible
configure:12617: result: yes
configure:12652: checking if libtool supports shared libraries
configure:12654: result: yes
configure:12657: checking whether to build shared libraries
configure:12682: result: yes
configure:12685: checking whether to build static libraries
configure:12689: result: yes
configure:12712: checking how to run the C++ preprocessor
configure:12739: g++ -E -D_FORTIFY_SOURCE=2 conftest.cpp
In file included from /usr/include/bits/libc-header-start.h:33,
                 from /usr/include/limits.h:26,
                 from /usr/lib/gcc/armv7l-unknown-linux-gnueabihf/8.2.0/include-fixed/limits.h:194,
                 from /usr/lib/gcc/armv7l-unknown-linux-gnueabihf/8.2.0/include-fixed/syslimits.h:7,
                 from /usr/lib/gcc/armv7l-unknown-linux-gnueabihf/8.2.0/include-fixed/limits.h:34,
                 from conftest.cpp:24:
/usr/include/features.h:381:4: warning: #warning _FORTIFY_SOURCE requires compiling with optimization (-O) [-Wcpp]
 #  warning _FORTIFY_SOURCE requires compiling with optimization (-O)
    ^~~~~~~
configure:12739: $? = 0
configure:12753: g++ -E -D_FORTIFY_SOURCE=2 conftest.cpp
conftest.cpp:23:10: fatal error: ac_nonexistent.h: No such file or directory
 #include <ac_nonexistent.h>
          ^~~~~~~~~~~~~~~~~~
compilation terminated.
configure:12753: $? = 1
configure: failed program was:
| /* confdefs.h */
| #define PACKAGE_NAME "amsynth"
| #define PACKAGE_TARNAME "amsynth"
| #define PACKAGE_VERSION "1.8.0"
| #define PACKAGE_STRING "amsynth 1.8.0"
| #define PACKAGE_BUGREPORT "https://github.com/amsynth/amsynth/issues"
| #define PACKAGE_URL "https://amsynth.github.io"
| #define PACKAGE "amsynth"
| #define VERSION "1.8.0"
| #define STDC_HEADERS 1
| #define HAVE_SYS_TYPES_H 1
| #define HAVE_SYS_STAT_H 1
| #define HAVE_STDLIB_H 1
| #define HAVE_STRING_H 1
| #define HAVE_MEMORY_H 1
| #define HAVE_STRINGS_H 1
| #define HAVE_INTTYPES_H 1
| #define HAVE_STDINT_H 1
| #define HAVE_UNISTD_H 1
| #define HAVE_DLFCN_H 1
| #define LT_OBJDIR ".libs/"
| /* end confdefs.h.  */
| #include <ac_nonexistent.h>
configure:12778: result: g++ -E
configure:12798: g++ -E -D_FORTIFY_SOURCE=2 conftest.cpp
In file included from /usr/include/bits/libc-header-start.h:33,
                 from /usr/include/limits.h:26,
                 from /usr/lib/gcc/armv7l-unknown-linux-gnueabihf/8.2.0/include-fixed/limits.h:194,
                 from /usr/lib/gcc/armv7l-unknown-linux-gnueabihf/8.2.0/include-fixed/syslimits.h:7,
                 from /usr/lib/gcc/armv7l-unknown-linux-gnueabihf/8.2.0/include-fixed/limits.h:34,
                 from conftest.cpp:24:
/usr/include/features.h:381:4: warning: #warning _FORTIFY_SOURCE requires compiling with optimization (-O) [-Wcpp]
 #  warning _FORTIFY_SOURCE requires compiling with optimization (-O)
    ^~~~~~~
configure:12798: $? = 0
configure:12812: g++ -E -D_FORTIFY_SOURCE=2 conftest.cpp
conftest.cpp:23:10: fatal error: ac_nonexistent.h: No such file or directory
 #include <ac_nonexistent.h>
          ^~~~~~~~~~~~~~~~~~
compilation terminated.
configure:12812: $? = 1
configure: failed program was:
| /* confdefs.h */
| #define PACKAGE_NAME "amsynth"
| #define PACKAGE_TARNAME "amsynth"
| #define PACKAGE_VERSION "1.8.0"
| #define PACKAGE_STRING "amsynth 1.8.0"
| #define PACKAGE_BUGREPORT "https://github.com/amsynth/amsynth/issues"
| #define PACKAGE_URL "https://amsynth.github.io"
| #define PACKAGE "amsynth"
| #define VERSION "1.8.0"
| #define STDC_HEADERS 1
| #define HAVE_SYS_TYPES_H 1
| #define HAVE_SYS_STAT_H 1
| #define HAVE_STDLIB_H 1
| #define HAVE_STRING_H 1
| #define HAVE_MEMORY_H 1
| #define HAVE_STRINGS_H 1
| #define HAVE_INTTYPES_H 1
| #define HAVE_STDINT_H 1
| #define HAVE_UNISTD_H 1
| #define HAVE_DLFCN_H 1
| #define LT_OBJDIR ".libs/"
| /* end confdefs.h.  */
| #include <ac_nonexistent.h>
configure:12974: checking for ld used by g++
configure:13041: result: /usr/bin/ld
configure:13048: checking if the linker (/usr/bin/ld) is GNU ld
configure:13063: result: yes
configure:13118: checking whether the g++ linker (/usr/bin/ld) supports shared libraries
configure:14191: result: yes
configure:14227: g++ -c -march=armv7-a -mfloat-abi=hard -mfpu=vfpv3-d16 -O2 -pipe -fstack-protector --param=ssp-buffer-size=4 -D_FORTIFY_SOURCE=2 conftest.cpp >&5
configure:14230: $? = 0
configure:14711: checking for g++ option to produce PIC
configure:14718: result: -fPIC -DPIC
configure:14726: checking if g++ PIC flag -fPIC -DPIC works
configure:14744: g++ -c -march=armv7-a -mfloat-abi=hard -mfpu=vfpv3-d16 -O2 -pipe -fstack-protector --param=ssp-buffer-size=4 -D_FORTIFY_SOURCE=2 -fPIC -DPIC -DPIC conftest.cpp >&5
configure:14748: $? = 0
configure:14761: result: yes
configure:14784: checking if g++ static flag -static works
configure:14812: result: yes
configure:14824: checking if g++ supports -c -o file.o
configure:14845: g++ -c -march=armv7-a -mfloat-abi=hard -mfpu=vfpv3-d16 -O2 -pipe -fstack-protector --param=ssp-buffer-size=4 -D_FORTIFY_SOURCE=2 -o out/conftest2.o conftest.cpp >&5
configure:14849: $? = 0
configure:14871: result: yes
configure:14876: checking if g++ supports -c -o file.o
configure:14923: result: yes
configure:14953: checking whether the g++ linker (/usr/bin/ld) supports shared libraries
configure:14993: result: yes
configure:15134: checking dynamic linker characteristics
configure:15879: result: GNU/Linux ld.so
configure:15944: checking how to hardcode library paths into programs
configure:15969: result: immediate
configure:16054: checking whether NLS is requested
configure:16063: result: yes
configure:16104: checking for msgfmt
configure: trying /usr/bin/msgfmt...
0 translated messages.
configure:16136: result: /usr/bin/msgfmt
configure:16145: checking for gmsgfmt
configure:16176: result: /usr/bin/msgfmt
configure:16227: checking for xgettext
configure: trying /usr/bin/xgettext...
/usr/bin/xgettext: warning: file '/dev/null' extension '' is unknown; will try C
configure:16259: result: /usr/bin/xgettext
configure:16305: checking for msgmerge
configure: trying /usr/bin/msgmerge...
configure:16336: result: /usr/bin/msgmerge
configure:16393: checking for ld used by GCC
configure:16457: result: /usr/bin/ld
configure:16464: checking if the linker (/usr/bin/ld) is GNU ld
configure:16477: result: yes
configure:16484: checking for shared library run path origin
configure:16497: result: done
configure:17070: checking for CFPreferencesCopyAppValue
configure:17088: g++ -o conftest -march=armv7-a -mfloat-abi=hard -mfpu=vfpv3-d16 -O2 -pipe -fstack-protector --param=ssp-buffer-size=4 -D_FORTIFY_SOURCE=2 -Wl,-O1,--sort-common,--as-needed,-z,relro conftest.cpp  -Wl,-framework -Wl,CoreFoundation >&5
conftest.cpp:24:10: fatal error: CoreFoundation/CFPreferences.h: No such file or directory
 #include <CoreFoundation/CFPreferences.h>
          ^~~~~~~~~~~~~~~~~~~~~~~~~~~~~~~~
compilation terminated.
configure:17088: $? = 1
configure: failed program was:
| /* confdefs.h */
| #define PACKAGE_NAME "amsynth"
| #define PACKAGE_TARNAME "amsynth"
| #define PACKAGE_VERSION "1.8.0"
| #define PACKAGE_STRING "amsynth 1.8.0"
| #define PACKAGE_BUGREPORT "https://github.com/amsynth/amsynth/issues"
| #define PACKAGE_URL "https://amsynth.github.io"
| #define PACKAGE "amsynth"
| #define VERSION "1.8.0"
| #define STDC_HEADERS 1
| #define HAVE_SYS_TYPES_H 1
| #define HAVE_SYS_STAT_H 1
| #define HAVE_STDLIB_H 1
| #define HAVE_STRING_H 1
| #define HAVE_MEMORY_H 1
| #define HAVE_STRINGS_H 1
| #define HAVE_INTTYPES_H 1
| #define HAVE_STDINT_H 1
| #define HAVE_UNISTD_H 1
| #define HAVE_DLFCN_H 1
| #define LT_OBJDIR ".libs/"
| #define GETTEXT_PACKAGE "amsynth"
| /* end confdefs.h.  */
| #include <CoreFoundation/CFPreferences.h>
| int
| main ()
| {
| CFPreferencesCopyAppValue(NULL, NULL)
|   ;
|   return 0;
| }
configure:17097: result: no
configure:17104: checking for CFLocaleCopyCurrent
configure:17122: g++ -o conftest -march=armv7-a -mfloat-abi=hard -mfpu=vfpv3-d16 -O2 -pipe -fstack-protector --param=ssp-buffer-size=4 -D_FORTIFY_SOURCE=2 -Wl,-O1,--sort-common,--as-needed,-z,relro conftest.cpp  -Wl,-framework -Wl,CoreFoundation >&5
conftest.cpp:24:10: fatal error: CoreFoundation/CFLocale.h: No such file or directory
 #include <CoreFoundation/CFLocale.h>
          ^~~~~~~~~~~~~~~~~~~~~~~~~~~
compilation terminated.
configure:17122: $? = 1
configure: failed program was:
| /* confdefs.h */
| #define PACKAGE_NAME "amsynth"
| #define PACKAGE_TARNAME "amsynth"
| #define PACKAGE_VERSION "1.8.0"
| #define PACKAGE_STRING "amsynth 1.8.0"
| #define PACKAGE_BUGREPORT "https://github.com/amsynth/amsynth/issues"
| #define PACKAGE_URL "https://amsynth.github.io"
| #define PACKAGE "amsynth"
| #define VERSION "1.8.0"
| #define STDC_HEADERS 1
| #define HAVE_SYS_TYPES_H 1
| #define HAVE_SYS_STAT_H 1
| #define HAVE_STDLIB_H 1
| #define HAVE_STRING_H 1
| #define HAVE_MEMORY_H 1
| #define HAVE_STRINGS_H 1
| #define HAVE_INTTYPES_H 1
| #define HAVE_STDINT_H 1
| #define HAVE_UNISTD_H 1
| #define HAVE_DLFCN_H 1
| #define LT_OBJDIR ".libs/"
| #define GETTEXT_PACKAGE "amsynth"
| /* end confdefs.h.  */
| #include <CoreFoundation/CFLocale.h>
| int
| main ()
| {
| CFLocaleCopyCurrent();
|   ;
|   return 0;
| }
configure:17131: result: no
configure:17180: checking for GNU gettext in libc
configure:17200: g++ -o conftest -march=armv7-a -mfloat-abi=hard -mfpu=vfpv3-d16 -O2 -pipe -fstack-protector --param=ssp-buffer-size=4 -D_FORTIFY_SOURCE=2 -Wl,-O1,--sort-common,--as-needed,-z,relro conftest.cpp  >&5
configure:17200: $? = 0
configure:17209: result: yes
configure:18000: checking whether to use NLS
configure:18002: result: yes
configure:18005: checking where the gettext function comes from
configure:18016: result: libc
configure:18098: checking for intltool-update
configure:18116: found /usr/bin/intltool-update
configure:18128: result: /usr/bin/intltool-update
configure:18138: checking for intltool-merge
configure:18156: found /usr/bin/intltool-merge
configure:18168: result: /usr/bin/intltool-merge
configure:18178: checking for intltool-extract
configure:18196: found /usr/bin/intltool-extract
configure:18208: result: /usr/bin/intltool-extract
configure:18362: checking for xgettext
configure:18392: result: /usr/bin/xgettext
configure:18402: checking for msgmerge
configure:18432: result: /usr/bin/msgmerge
configure:18442: checking for msgfmt
configure:18472: result: /usr/bin/msgfmt
configure:18482: checking for gmsgfmt
configure:18513: result: /usr/bin/msgfmt
configure:18533: checking for perl
configure:18551: found /usr/bin/perl
configure:18563: result: /usr/bin/perl
configure:18574: checking for perl >= 5.8.1
configure:18581: result: 5.28.0
configure:18585: checking for XML::Parser
configure:18588: result: ok
configure:18603: checking for sin in -lm
configure:18628: g++ -o conftest -march=armv7-a -mfloat-abi=hard -mfpu=vfpv3-d16 -O2 -pipe -fstack-protector --param=ssp-buffer-size=4 -D_FORTIFY_SOURCE=2 -Wl,-O1,--sort-common,--as-needed,-z,relro conftest.cpp -lm   >&5
conftest.cpp:34:6: warning: declaration of 'char sin()' conflicts with built-in declaration 'double sin(double)' [-Wbuiltin-declaration-mismatch]
 char sin ();
      ^~~
configure:18628: $? = 0
configure:18637: result: yes
configure:18650: checking for pthread_create in -lpthread
configure:18675: g++ -o conftest -march=armv7-a -mfloat-abi=hard -mfpu=vfpv3-d16 -O2 -pipe -fstack-protector --param=ssp-buffer-size=4 -D_FORTIFY_SOURCE=2 -Wl,-O1,--sort-common,--as-needed,-z,relro conftest.cpp -lpthread  -lm  >&5
configure:18675: $? = 0
configure:18684: result: yes
configure:18752: checking for pkg-config
configure:18770: found /usr/bin/pkg-config
configure:18782: result: /usr/bin/pkg-config
configure:18807: checking pkg-config is at least version 0.9.0
configure:18810: result: yes
configure:18821: checking for gtk+-2.0 >= 2.20.0
configure:18828: $PKG_CONFIG --exists --print-errors "gtk+-2.0 >= 2.20.0"
configure:18831: $? = 0
configure:18845: $PKG_CONFIG --exists --print-errors "gtk+-2.0 >= 2.20.0"
configure:18848: $? = 0
configure:18906: result: yes
configure:18950: checking sys/soundcard.h usability
configure:18950: g++ -c -march=armv7-a -mfloat-abi=hard -mfpu=vfpv3-d16 -O2 -pipe -fstack-protector --param=ssp-buffer-size=4 -D_FORTIFY_SOURCE=2 conftest.cpp >&5
configure:18950: $? = 0
configure:18950: result: yes
configure:18950: checking sys/soundcard.h presence
configure:18950: g++ -E -D_FORTIFY_SOURCE=2 conftest.cpp
In file included from /usr/include/endian.h:21,
                 from /usr/include/linux/soundcard.h:43,
                 from /usr/include/sys/soundcard.h:1,
                 from conftest.cpp:30:
/usr/include/features.h:381:4: warning: #warning _FORTIFY_SOURCE requires compiling with optimization (-O) [-Wcpp]
 #  warning _FORTIFY_SOURCE requires compiling with optimization (-O)
    ^~~~~~~
configure:18950: $? = 0
configure:18950: result: yes
configure:18950: checking for sys/soundcard.h
configure:18950: result: yes
configure:18978: checking for alsa
configure:18985: $PKG_CONFIG --exists --print-errors "alsa"
configure:18988: $? = 0
configure:19002: $PKG_CONFIG --exists --print-errors "alsa"
configure:19005: $? = 0
configure:19043: result: yes
configure:19062: checking for jack
configure:19069: $PKG_CONFIG --exists --print-errors "jack"
configure:19072: $? = 0
configure:19086: $PKG_CONFIG --exists --print-errors "jack"
configure:19089: $? = 0
configure:19127: result: yes
configure:19136: checking jack/midiport.h usability
configure:19136: g++ -c -march=armv7-a -mfloat-abi=hard -mfpu=vfpv3-d16 -O2 -pipe -fstack-protector --param=ssp-buffer-size=4 -D_FORTIFY_SOURCE=2 conftest.cpp >&5
configure:19136: $? = 0
configure:19136: result: yes
configure:19136: checking jack/midiport.h presence
configure:19136: g++ -E -D_FORTIFY_SOURCE=2 conftest.cpp
In file included from /usr/include/inttypes.h:25,
                 from /usr/include/jack/systemdeps.h:115,
                 from /usr/include/jack/types.h:24,
                 from /usr/include/jack/midiport.h:29,
                 from conftest.cpp:34:
/usr/include/features.h:381:4: warning: #warning _FORTIFY_SOURCE requires compiling with optimization (-O) [-Wcpp]
 #  warning _FORTIFY_SOURCE requires compiling with optimization (-O)
    ^~~~~~~
configure:19136: $? = 0
configure:19136: result: yes
configure:19136: checking for jack/midiport.h
configure:19136: result: yes
configure:19136: checking jack/session.h usability
configure:19136: g++ -c -march=armv7-a -mfloat-abi=hard -mfpu=vfpv3-d16 -O2 -pipe -fstack-protector --param=ssp-buffer-size=4 -D_FORTIFY_SOURCE=2 conftest.cpp >&5
configure:19136: $? = 0
configure:19136: result: yes
configure:19136: checking jack/session.h presence
configure:19136: g++ -E -D_FORTIFY_SOURCE=2 conftest.cpp
In file included from /usr/include/inttypes.h:25,
                 from /usr/include/jack/systemdeps.h:115,
                 from /usr/include/jack/types.h:24,
                 from /usr/include/jack/session.h:28,
                 from conftest.cpp:35:
/usr/include/features.h:381:4: warning: #warning _FORTIFY_SOURCE requires compiling with optimization (-O) [-Wcpp]
 #  warning _FORTIFY_SOURCE requires compiling with optimization (-O)
    ^~~~~~~
configure:19136: $? = 0
configure:19136: result: yes
configure:19136: checking for jack/session.h
configure:19136: result: yes
configure:19160: checking for lash-1.0
configure:19167: $PKG_CONFIG --exists --print-errors "lash-1.0"
configure:19170: $? = 0
configure:19184: $PKG_CONFIG --exists --print-errors "lash-1.0"
configure:19187: $? = 0
configure:19225: result: yes
configure:19245: checking for sndfile
configure:19252: $PKG_CONFIG --exists --print-errors "sndfile"
configure:19255: $? = 0
configure:19269: $PKG_CONFIG --exists --print-errors "sndfile"
configure:19272: $? = 0
configure:19310: result: yes
configure:19331: checking for dssi
configure:19338: $PKG_CONFIG --exists --print-errors "dssi"
configure:19341: $? = 0
configure:19355: $PKG_CONFIG --exists --print-errors "dssi"
configure:19358: $? = 0
configure:19396: result: yes
configure:19404: checking for liblo
configure:19411: $PKG_CONFIG --exists --print-errors "liblo"
configure:19414: $? = 0
configure:19428: $PKG_CONFIG --exists --print-errors "liblo"
configure:19431: $? = 0
configure:19469: result: yes
configure:19503: checking for gtk+-2.0 >= 2.20.0
configure:19510: $PKG_CONFIG --exists --print-errors "gtk+-2.0 >= 2.20.0"
configure:19513: $? = 0
configure:19527: $PKG_CONFIG --exists --print-errors "gtk+-2.0 >= 2.20.0"
configure:19530: $? = 0
configure:19568: result: yes
configure:19602: checking for pandoc
configure:19632: result: no
configure:19811: checking that generated files are newer than configure
configure:19817: result: done
configure:19880: creating ./config.status

## ---------------------- ##
## Running config.status. ##
## ---------------------- ##

This file was extended by amsynth config.status 1.8.0, which was
generated by GNU Autoconf 2.69.  Invocation command line was

  CONFIG_FILES    = 
  CONFIG_HEADERS  = 
  CONFIG_LINKS    = 
  CONFIG_COMMANDS = 
  $ ./config.status 

on looperpi

config.status:1285: creating Makefile
config.status:1285: creating data/amsynth.desktop
config.status:1285: creating man/Makefile
config.status:1285: creating man/de/Makefile
config.status:1285: creating man/fr/Makefile
config.status:1285: creating po/Makefile.in
config.status:1285: creating config.h
config.status:1514: executing depfiles commands
config.status:1514: executing libtool commands
config.status:1514: executing po-directories commands
config.status:1514: executing po/stamp-it commands

## ---------------- ##
## Cache variables. ##
## ---------------- ##

ac_cv_build=armv7l-unknown-linux-gnueabihf
ac_cv_c_compiler_gnu=yes
ac_cv_cxx_compiler_gnu=yes
ac_cv_env_ALSA_CFLAGS_set=
ac_cv_env_ALSA_CFLAGS_value=
ac_cv_env_ALSA_LIBS_set=
ac_cv_env_ALSA_LIBS_value=
ac_cv_env_CCC_set=
ac_cv_env_CCC_value=
ac_cv_env_CC_set=
ac_cv_env_CC_value=
ac_cv_env_CFLAGS_set=set
ac_cv_env_CFLAGS_value='-march=armv7-a -mfloat-abi=hard -mfpu=vfpv3-d16 -O2 -pipe -fstack-protector --param=ssp-buffer-size=4'
ac_cv_env_CPPFLAGS_set=set
ac_cv_env_CPPFLAGS_value=-D_FORTIFY_SOURCE=2
ac_cv_env_CPP_set=
ac_cv_env_CPP_value=
ac_cv_env_CXXCPP_set=
ac_cv_env_CXXCPP_value=
ac_cv_env_CXXFLAGS_set=set
ac_cv_env_CXXFLAGS_value='-march=armv7-a -mfloat-abi=hard -mfpu=vfpv3-d16 -O2 -pipe -fstack-protector --param=ssp-buffer-size=4'
ac_cv_env_CXX_set=
ac_cv_env_CXX_value=
ac_cv_env_DSSI_CFLAGS_set=
ac_cv_env_DSSI_CFLAGS_value=
ac_cv_env_DSSI_LIBS_set=
ac_cv_env_DSSI_LIBS_value=
ac_cv_env_GTK_CFLAGS_set=
ac_cv_env_GTK_CFLAGS_value=
ac_cv_env_GTK_LIBS_set=
ac_cv_env_GTK_LIBS_value=
ac_cv_env_JACK_CFLAGS_set=
ac_cv_env_JACK_CFLAGS_value=
ac_cv_env_JACK_LIBS_set=
ac_cv_env_JACK_LIBS_value=
ac_cv_env_LASH_CFLAGS_set=
ac_cv_env_LASH_CFLAGS_value=
ac_cv_env_LASH_LIBS_set=
ac_cv_env_LASH_LIBS_value=
ac_cv_env_LDFLAGS_set=set
ac_cv_env_LDFLAGS_value=-Wl,-O1,--sort-common,--as-needed,-z,relro
ac_cv_env_LIBLO_CFLAGS_set=
ac_cv_env_LIBLO_CFLAGS_value=
ac_cv_env_LIBLO_LIBS_set=
ac_cv_env_LIBLO_LIBS_value=
ac_cv_env_LIBS_set=
ac_cv_env_LIBS_value=
ac_cv_env_LT_SYS_LIBRARY_PATH_set=
ac_cv_env_LT_SYS_LIBRARY_PATH_value=
ac_cv_env_LV2_CFLAGS_set=
ac_cv_env_LV2_CFLAGS_value=
ac_cv_env_LV2_LIBS_set=
ac_cv_env_LV2_LIBS_value=
ac_cv_env_PKG_CONFIG_LIBDIR_set=
ac_cv_env_PKG_CONFIG_LIBDIR_value=
ac_cv_env_PKG_CONFIG_PATH_set=
ac_cv_env_PKG_CONFIG_PATH_value=
ac_cv_env_PKG_CONFIG_set=
ac_cv_env_PKG_CONFIG_value=
ac_cv_env_SNDFILE_CFLAGS_set=
ac_cv_env_SNDFILE_CFLAGS_value=
ac_cv_env_SNDFILE_LIBS_set=
ac_cv_env_SNDFILE_LIBS_value=
ac_cv_env_build_alias_set=
ac_cv_env_build_alias_value=
ac_cv_env_host_alias_set=
ac_cv_env_host_alias_value=
ac_cv_env_target_alias_set=
ac_cv_env_target_alias_value=
ac_cv_header_dlfcn_h=yes
ac_cv_header_inttypes_h=yes
ac_cv_header_jack_midiport_h=yes
ac_cv_header_jack_session_h=yes
ac_cv_header_memory_h=yes
ac_cv_header_stdc=yes
ac_cv_header_stdint_h=yes
ac_cv_header_stdlib_h=yes
ac_cv_header_string_h=yes
ac_cv_header_strings_h=yes
ac_cv_header_sys_soundcard_h=yes
ac_cv_header_sys_stat_h=yes
ac_cv_header_sys_types_h=yes
ac_cv_header_unistd_h=yes
ac_cv_host=armv7l-unknown-linux-gnueabihf
ac_cv_lib_m_sin=yes
ac_cv_lib_pthread_pthread_create=yes
ac_cv_objext=o
ac_cv_path_EGREP='/usr/bin/grep -E'
ac_cv_path_FGREP='/usr/bin/grep -F'
ac_cv_path_GMSGFMT=/usr/bin/msgfmt
ac_cv_path_GREP=/usr/bin/grep
ac_cv_path_INTLTOOL_EXTRACT=/usr/bin/intltool-extract
ac_cv_path_INTLTOOL_MERGE=/usr/bin/intltool-merge
ac_cv_path_INTLTOOL_PERL=/usr/bin/perl
ac_cv_path_INTLTOOL_UPDATE=/usr/bin/intltool-update
ac_cv_path_MSGFMT=/usr/bin/msgfmt
ac_cv_path_MSGMERGE=/usr/bin/msgmerge
ac_cv_path_SED=/usr/bin/sed
ac_cv_path_XGETTEXT=/usr/bin/xgettext
ac_cv_path_ac_pt_PKG_CONFIG=/usr/bin/pkg-config
ac_cv_path_install='/usr/bin/install -c'
ac_cv_path_lt_DD=/usr/bin/dd
ac_cv_path_mkdir=/usr/bin/mkdir
ac_cv_prog_AWK=gawk
ac_cv_prog_CPP='gcc -E'
ac_cv_prog_CXXCPP='g++ -E'
ac_cv_prog_ac_ct_AR=ar
ac_cv_prog_ac_ct_CC=gcc
ac_cv_prog_ac_ct_CXX=g++
ac_cv_prog_ac_ct_OBJDUMP=objdump
ac_cv_prog_ac_ct_RANLIB=ranlib
ac_cv_prog_ac_ct_STRIP=strip
ac_cv_prog_cc_c89=
ac_cv_prog_cc_g=yes
ac_cv_prog_cxx_g=yes
ac_cv_prog_make_make_set=yes
acl_cv_hardcode_direct=no
acl_cv_hardcode_libdir_flag_spec='${wl}-rpath ${wl}$libdir'
acl_cv_hardcode_libdir_separator=
acl_cv_hardcode_minus_L=no
acl_cv_libext=a
acl_cv_libname_spec='lib$name'
acl_cv_library_names_spec='$libname$shrext'
acl_cv_path_LD=/usr/bin/ld
acl_cv_prog_gnu_ld=yes
acl_cv_rpath=done
acl_cv_shlibext=so
acl_cv_wl=-Wl,
am_cv_CC_dependencies_compiler_type=gcc3
am_cv_CXX_dependencies_compiler_type=gcc3
am_cv_make_support_nested_variables=yes
am_cv_prog_cc_c_o=yes
gt_cv_func_CFLocaleCopyCurrent=no
gt_cv_func_CFPreferencesCopyAppValue=no
gt_cv_func_gnugettext1_libc=yes
lt_cv_ar_at_file=@
lt_cv_archive_cmds_need_lc=no
lt_cv_deplibs_check_method=pass_all
lt_cv_file_magic_cmd='$MAGIC_CMD'
lt_cv_file_magic_test_file=
lt_cv_ld_reload_flag=-r
lt_cv_nm_interface='BSD nm'
lt_cv_objdir=.libs
lt_cv_path_LD=/usr/bin/ld
lt_cv_path_LDCXX=/usr/bin/ld
lt_cv_path_NM='/usr/bin/nm -B'
lt_cv_path_mainfest_tool=no
lt_cv_prog_compiler_c_o=yes
lt_cv_prog_compiler_c_o_CXX=yes
lt_cv_prog_compiler_pic='-fPIC -DPIC'
lt_cv_prog_compiler_pic_CXX='-fPIC -DPIC'
lt_cv_prog_compiler_pic_works=yes
lt_cv_prog_compiler_pic_works_CXX=yes
lt_cv_prog_compiler_rtti_exceptions=no
lt_cv_prog_compiler_static_works=yes
lt_cv_prog_compiler_static_works_CXX=yes
lt_cv_prog_gnu_ld=yes
lt_cv_prog_gnu_ldcxx=yes
lt_cv_sharedlib_from_linklib_cmd='printf %s\n'
lt_cv_shlibpath_overrides_runpath=no
lt_cv_sys_global_symbol_pipe='sed -n -e '\''s/^.*[	 ]\([ABCDGIRSTW][ABCDGIRSTW]*\)[	 ][	 ]*\([_A-Za-z][_A-Za-z0-9]*\)$/\1 \2 \2/p'\'' | sed '\''/ __gnu_lto/d'\'''
lt_cv_sys_global_symbol_to_c_name_address='sed -n -e '\''s/^: \(.*\) .*$/  {"\1", (void *) 0},/p'\'' -e '\''s/^[ABCDGIRSTW][ABCDGIRSTW]* .* \(.*\)$/  {"\1", (void *) \&\1},/p'\'''
lt_cv_sys_global_symbol_to_c_name_address_lib_prefix='sed -n -e '\''s/^: \(.*\) .*$/  {"\1", (void *) 0},/p'\'' -e '\''s/^[ABCDGIRSTW][ABCDGIRSTW]* .* \(lib.*\)$/  {"\1", (void *) \&\1},/p'\'' -e '\''s/^[ABCDGIRSTW][ABCDGIRSTW]* .* \(.*\)$/  {"lib\1", (void *) \&\1},/p'\'''
lt_cv_sys_global_symbol_to_cdecl='sed -n -e '\''s/^T .* \(.*\)$/extern int \1();/p'\'' -e '\''s/^[ABCDGIRSTW][ABCDGIRSTW]* .* \(.*\)$/extern char \1;/p'\'''
lt_cv_sys_global_symbol_to_import=
lt_cv_sys_max_cmd_len=1572864
lt_cv_to_host_file_cmd=func_convert_file_noop
lt_cv_to_tool_file_cmd=func_convert_file_noop
lt_cv_truncate_bin='/usr/bin/dd bs=4096 count=1'
pkg_cv_ALSA_CFLAGS='-I/usr/include/alsa '
pkg_cv_ALSA_LIBS='-lasound '
pkg_cv_DSSI_CFLAGS=
pkg_cv_DSSI_LIBS=
pkg_cv_GTK_CFLAGS='-I/usr/include/gtk-2.0 -I/usr/lib/gtk-2.0/include -I/usr/include/pango-1.0 -I/usr/include/glib-2.0 -I/usr/lib/glib-2.0/include -I/usr/lib/libffi-3.2.1/include -I/usr/include/fribidi -I/usr/include/cairo -I/usr/include/pixman-1 -I/usr/include/freetype2 -I/usr/include/libpng16 -I/usr/include/harfbuzz -I/usr/include/uuid -I/usr/include/gdk-pixbuf-2.0 -I/usr/include/libmount -I/usr/include/blkid -I/usr/include/atk-1.0 -pthread '
pkg_cv_GTK_LIBS='-lgtk-x11-2.0 -lgdk-x11-2.0 -lpangocairo-1.0 -latk-1.0 -lcairo -lgdk_pixbuf-2.0 -lgio-2.0 -lpangoft2-1.0 -lpango-1.0 -lgobject-2.0 -lglib-2.0 -lfontconfig -lfreetype '
pkg_cv_JACK_CFLAGS=
pkg_cv_JACK_LIBS='-ljack '
pkg_cv_LASH_CFLAGS='-I/usr/include/lash-1.0 -I/usr/include/dbus-1.0 -I/usr/lib/dbus-1.0/include -I/usr/include/uuid -I/usr/include/libxml2 -I/usr/include/alsa '
pkg_cv_LASH_LIBS='-llash -ldbus-1 -luuid -lxml2 -lasound '
pkg_cv_LIBLO_CFLAGS=
pkg_cv_LIBLO_LIBS='-llo -lpthread '
pkg_cv_LV2_CFLAGS='-I/usr/include/gtk-2.0 -I/usr/lib/gtk-2.0/include -I/usr/include/pango-1.0 -I/usr/include/glib-2.0 -I/usr/lib/glib-2.0/include -I/usr/lib/libffi-3.2.1/include -I/usr/include/fribidi -I/usr/include/cairo -I/usr/include/pixman-1 -I/usr/include/freetype2 -I/usr/include/libpng16 -I/usr/include/harfbuzz -I/usr/include/uuid -I/usr/include/gdk-pixbuf-2.0 -I/usr/include/libmount -I/usr/include/blkid -I/usr/include/atk-1.0 -pthread '
pkg_cv_LV2_LIBS='-lgtk-x11-2.0 -lgdk-x11-2.0 -lpangocairo-1.0 -latk-1.0 -lcairo -lgdk_pixbuf-2.0 -lgio-2.0 -lpangoft2-1.0 -lpango-1.0 -lgobject-2.0 -lglib-2.0 -lfontconfig -lfreetype '
pkg_cv_SNDFILE_CFLAGS=
pkg_cv_SNDFILE_LIBS='-lsndfile '

## ----------------- ##
## Output variables. ##
## ----------------- ##

ACLOCAL='${SHELL} /home/flappix/amsynth/src/amsynth-1.8.0/missing aclocal-1.15'
ALL_LINGUAS=''
ALSA_CFLAGS='-I/usr/include/alsa '
ALSA_LIBS='-lasound '
AMDEPBACKSLASH='\'
AMDEP_FALSE='#'
AMDEP_TRUE=''
AMTAR='$${TAR-tar}'
AM_BACKSLASH='\'
AM_DEFAULT_V='$(AM_DEFAULT_VERBOSITY)'
AM_DEFAULT_VERBOSITY='0'
AM_V='$(V)'
AR='ar'
AUTOCONF='${SHELL} /home/flappix/amsynth/src/amsynth-1.8.0/missing autoconf'
AUTOHEADER='${SHELL} /home/flappix/amsynth/src/amsynth-1.8.0/missing autoheader'
AUTOMAKE='${SHELL} /home/flappix/amsynth/src/amsynth-1.8.0/missing automake-1.15'
AWK='gawk'
BUILD_DSSI_FALSE='#'
BUILD_DSSI_GUI_FALSE='#'
BUILD_DSSI_GUI_TRUE=''
BUILD_DSSI_TRUE=''
BUILD_GUI_FALSE='#'
BUILD_GUI_TRUE=''
BUILD_LV2_FALSE='#'
BUILD_LV2_TRUE=''
BUILD_VST_FALSE='#'
BUILD_VST_TRUE=''
CC='gcc'
CCDEPMODE='depmode=gcc3'
CFLAGS='-march=armv7-a -mfloat-abi=hard -mfpu=vfpv3-d16 -O2 -pipe -fstack-protector --param=ssp-buffer-size=4'
CPP='gcc -E'
CPPFLAGS='-D_FORTIFY_SOURCE=2'
CXX='g++'
CXXCPP='g++ -E'
CXXDEPMODE='depmode=gcc3'
CXXFLAGS='-march=armv7-a -mfloat-abi=hard -mfpu=vfpv3-d16 -O2 -pipe -fstack-protector --param=ssp-buffer-size=4'
CYGPATH_W='echo'
DARWIN_FALSE=''
DARWIN_TRUE='#'
DEFS='-DHAVE_CONFIG_H'
DEPDIR='.deps'
DLLTOOL='false'
DSSI_CFLAGS=''
DSSI_LIBS=''
DSYMUTIL=''
DUMPBIN=''
ECHO_C=''
ECHO_N='-n'
ECHO_T=''
EGREP='/usr/bin/grep -E'
ENABLE_REALTIME_FALSE=''
ENABLE_REALTIME_TRUE='#'
EXEEXT=''
FGREP='/usr/bin/grep -F'
GENERATE_MAN_PAGES_FALSE=''
GENERATE_MAN_PAGES_TRUE='#'
GETTEXT_MACRO_VERSION='0.18'
GETTEXT_PACKAGE='amsynth'
GMSGFMT='/usr/bin/msgfmt'
GMSGFMT_015='/usr/bin/msgfmt'
GREP='/usr/bin/grep'
GTK_CFLAGS='-I/usr/include/gtk-2.0 -I/usr/lib/gtk-2.0/include -I/usr/include/pango-1.0 -I/usr/include/glib-2.0 -I/usr/lib/glib-2.0/include -I/usr/lib/libffi-3.2.1/include -I/usr/include/fribidi -I/usr/include/cairo -I/usr/include/pixman-1 -I/usr/include/freetype2 -I/usr/include/libpng16 -I/usr/include/harfbuzz -I/usr/include/uuid -I/usr/include/gdk-pixbuf-2.0 -I/usr/include/libmount -I/usr/include/blkid -I/usr/include/atk-1.0 -pthread '
GTK_LIBS='-lgtk-x11-2.0 -lgdk-x11-2.0 -lpangocairo-1.0 -latk-1.0 -lcairo -lgdk_pixbuf-2.0 -lgio-2.0 -lpangoft2-1.0 -lpango-1.0 -lgobject-2.0 -lglib-2.0 -lfontconfig -lfreetype '
INSTALL_DATA='${INSTALL} -m 644'
INSTALL_PROGRAM='${INSTALL}'
INSTALL_SCRIPT='${INSTALL}'
INSTALL_STRIP_PROGRAM='$(install_sh) -c -s'
INTLLIBS=''
INTLTOOL_CAVES_RULE='%.caves:     %.caves.in     $(INTLTOOL_MERGE) $(wildcard $(top_srcdir)/po/*.po) ; $(INTLTOOL_V_MERGE)LC_ALL=C $(INTLTOOL_MERGE) $(INTLTOOL_V_MERGE_OPTIONS) -d -u -c $(top_builddir)/po/.intltool-merge-cache $(top_srcdir)/po $< $@'
INTLTOOL_DESKTOP_RULE='%.desktop:   %.desktop.in   $(INTLTOOL_MERGE) $(wildcard $(top_srcdir)/po/*.po) ; $(INTLTOOL_V_MERGE)LC_ALL=C $(INTLTOOL_MERGE) $(INTLTOOL_V_MERGE_OPTIONS) -d -u -c $(top_builddir)/po/.intltool-merge-cache $(top_srcdir)/po $< $@'
INTLTOOL_DIRECTORY_RULE='%.directory: %.directory.in $(INTLTOOL_MERGE) $(wildcard $(top_srcdir)/po/*.po) ; $(INTLTOOL_V_MERGE)LC_ALL=C $(INTLTOOL_MERGE) $(INTLTOOL_V_MERGE_OPTIONS) -d -u -c $(top_builddir)/po/.intltool-merge-cache $(top_srcdir)/po $< $@'
INTLTOOL_EXTRACT='/usr/bin/intltool-extract'
INTLTOOL_KBD_RULE='%.kbd:       %.kbd.in       $(INTLTOOL_MERGE) $(wildcard $(top_srcdir)/po/*.po) ; $(INTLTOOL_V_MERGE)LC_ALL=C $(INTLTOOL_MERGE) $(INTLTOOL_V_MERGE_OPTIONS) -x -u -m -c $(top_builddir)/po/.intltool-merge-cache $(top_srcdir)/po $< $@'
INTLTOOL_KEYS_RULE='%.keys:      %.keys.in      $(INTLTOOL_MERGE) $(wildcard $(top_srcdir)/po/*.po) ; $(INTLTOOL_V_MERGE)LC_ALL=C $(INTLTOOL_MERGE) $(INTLTOOL_V_MERGE_OPTIONS) -k -u -c $(top_builddir)/po/.intltool-merge-cache $(top_srcdir)/po $< $@'
INTLTOOL_MERGE='/usr/bin/intltool-merge'
INTLTOOL_OAF_RULE='%.oaf:       %.oaf.in       $(INTLTOOL_MERGE) $(wildcard $(top_srcdir)/po/*.po) ; $(INTLTOOL_V_MERGE)LC_ALL=C $(INTLTOOL_MERGE) $(INTLTOOL_V_MERGE_OPTIONS) -o -p $(top_srcdir)/po $< $@'
INTLTOOL_PERL='/usr/bin/perl'
INTLTOOL_POLICY_RULE='%.policy:    %.policy.in    $(INTLTOOL_MERGE) $(wildcard $(top_srcdir)/po/*.po) ; $(INTLTOOL_V_MERGE)LC_ALL=C $(INTLTOOL_MERGE) $(INTLTOOL_V_MERGE_OPTIONS) -x -u -c $(top_builddir)/po/.intltool-merge-cache $(top_srcdir)/po $< $@'
INTLTOOL_PONG_RULE='%.pong:      %.pong.in      $(INTLTOOL_MERGE) $(wildcard $(top_srcdir)/po/*.po) ; $(INTLTOOL_V_MERGE)LC_ALL=C $(INTLTOOL_MERGE) $(INTLTOOL_V_MERGE_OPTIONS) -x -u -c $(top_builddir)/po/.intltool-merge-cache $(top_srcdir)/po $< $@'
INTLTOOL_PROP_RULE='%.prop:      %.prop.in      $(INTLTOOL_MERGE) $(wildcard $(top_srcdir)/po/*.po) ; $(INTLTOOL_V_MERGE)LC_ALL=C $(INTLTOOL_MERGE) $(INTLTOOL_V_MERGE_OPTIONS) -d -u -c $(top_builddir)/po/.intltool-merge-cache $(top_srcdir)/po $< $@'
INTLTOOL_SCHEMAS_RULE='%.schemas:   %.schemas.in   $(INTLTOOL_MERGE) $(wildcard $(top_srcdir)/po/*.po) ; $(INTLTOOL_V_MERGE)LC_ALL=C $(INTLTOOL_MERGE) $(INTLTOOL_V_MERGE_OPTIONS) -s -u -c $(top_builddir)/po/.intltool-merge-cache $(top_srcdir)/po $< $@'
INTLTOOL_SERVER_RULE='%.server:    %.server.in    $(INTLTOOL_MERGE) $(wildcard $(top_srcdir)/po/*.po) ; $(INTLTOOL_V_MERGE)LC_ALL=C $(INTLTOOL_MERGE) $(INTLTOOL_V_MERGE_OPTIONS) -o -u -c $(top_builddir)/po/.intltool-merge-cache $(top_srcdir)/po $< $@'
INTLTOOL_SERVICE_RULE='%.service: %.service.in   $(INTLTOOL_MERGE) $(wildcard $(top_srcdir)/po/*.po) ; $(INTLTOOL_V_MERGE)LC_ALL=C $(INTLTOOL_MERGE) $(INTLTOOL_V_MERGE_OPTIONS) -d -u -c $(top_builddir)/po/.intltool-merge-cache $(top_srcdir)/po $< $@'
INTLTOOL_SHEET_RULE='%.sheet:     %.sheet.in     $(INTLTOOL_MERGE) $(wildcard $(top_srcdir)/po/*.po) ; $(INTLTOOL_V_MERGE)LC_ALL=C $(INTLTOOL_MERGE) $(INTLTOOL_V_MERGE_OPTIONS) -x -u -c $(top_builddir)/po/.intltool-merge-cache $(top_srcdir)/po $< $@'
INTLTOOL_SOUNDLIST_RULE='%.soundlist: %.soundlist.in $(INTLTOOL_MERGE) $(wildcard $(top_srcdir)/po/*.po) ; $(INTLTOOL_V_MERGE)LC_ALL=C $(INTLTOOL_MERGE) $(INTLTOOL_V_MERGE_OPTIONS) -d -u -c $(top_builddir)/po/.intltool-merge-cache $(top_srcdir)/po $< $@'
INTLTOOL_THEME_RULE='%.theme:     %.theme.in     $(INTLTOOL_MERGE) $(wildcard $(top_srcdir)/po/*.po) ; $(INTLTOOL_V_MERGE)LC_ALL=C $(INTLTOOL_MERGE) $(INTLTOOL_V_MERGE_OPTIONS) -d -u -c $(top_builddir)/po/.intltool-merge-cache $(top_srcdir)/po $< $@'
INTLTOOL_UI_RULE='%.ui:        %.ui.in        $(INTLTOOL_MERGE) $(wildcard $(top_srcdir)/po/*.po) ; $(INTLTOOL_V_MERGE)LC_ALL=C $(INTLTOOL_MERGE) $(INTLTOOL_V_MERGE_OPTIONS) -x -u -c $(top_builddir)/po/.intltool-merge-cache $(top_srcdir)/po $< $@'
INTLTOOL_UPDATE='/usr/bin/intltool-update'
INTLTOOL_V_MERGE='$(INTLTOOL__v_MERGE_$(V))'
INTLTOOL_V_MERGE_OPTIONS='$(intltool__v_merge_options_$(V))'
INTLTOOL_XAM_RULE='%.xam:       %.xml.in       $(INTLTOOL_MERGE) $(wildcard $(top_srcdir)/po/*.po) ; $(INTLTOOL_V_MERGE)LC_ALL=C $(INTLTOOL_MERGE) $(INTLTOOL_V_MERGE_OPTIONS) -x -u -c $(top_builddir)/po/.intltool-merge-cache $(top_srcdir)/po $< $@'
INTLTOOL_XML_NOMERGE_RULE='%.xml:       %.xml.in       $(INTLTOOL_MERGE) ; $(INTLTOOL_V_MERGE)LC_ALL=C $(INTLTOOL_MERGE) $(INTLTOOL_V_MERGE_OPTIONS) -x -u --no-translations $< $@'
INTLTOOL_XML_RULE='%.xml:       %.xml.in       $(INTLTOOL_MERGE) $(wildcard $(top_srcdir)/po/*.po) ; $(INTLTOOL_V_MERGE)LC_ALL=C $(INTLTOOL_MERGE) $(INTLTOOL_V_MERGE_OPTIONS) -x -u -c $(top_builddir)/po/.intltool-merge-cache $(top_srcdir)/po $< $@'
INTLTOOL__v_MERGE_0='@echo "  ITMRG " $@;'
INTLTOOL__v_MERGE_='$(INTLTOOL__v_MERGE_$(AM_DEFAULT_VERBOSITY))'
INTL_MACOSX_LIBS=''
JACK_CFLAGS=''
JACK_LIBS='-ljack '
LASH_CFLAGS='-I/usr/include/lash-1.0 -I/usr/include/dbus-1.0 -I/usr/lib/dbus-1.0/include -I/usr/include/uuid -I/usr/include/libxml2 -I/usr/include/alsa '
LASH_LIBS='-llash -ldbus-1 -luuid -lxml2 -lasound '
LD='/usr/bin/ld'
LDFLAGS='-Wl,-O1,--sort-common,--as-needed,-z,relro'
LIBICONV='-liconv'
LIBINTL=''
LIBLO_CFLAGS=''
LIBLO_LIBS='-llo -lpthread '
LIBOBJS=''
LIBS='-lpthread -lm '
LIBTOOL='$(SHELL) $(top_builddir)/libtool'
LIPO=''
LN_S='ln -s'
LTLIBICONV='-liconv'
LTLIBINTL=''
LTLIBOBJS=''
LT_SYS_LIBRARY_PATH=''
LV2_CFLAGS='-I/usr/include/gtk-2.0 -I/usr/lib/gtk-2.0/include -I/usr/include/pango-1.0 -I/usr/include/glib-2.0 -I/usr/lib/glib-2.0/include -I/usr/lib/libffi-3.2.1/include -I/usr/include/fribidi -I/usr/include/cairo -I/usr/include/pixman-1 -I/usr/include/freetype2 -I/usr/include/libpng16 -I/usr/include/harfbuzz -I/usr/include/uuid -I/usr/include/gdk-pixbuf-2.0 -I/usr/include/libmount -I/usr/include/blkid -I/usr/include/atk-1.0 -pthread '
LV2_LIBS='-lgtk-x11-2.0 -lgdk-x11-2.0 -lpangocairo-1.0 -latk-1.0 -lcairo -lgdk_pixbuf-2.0 -lgio-2.0 -lpangoft2-1.0 -lpango-1.0 -lgobject-2.0 -lglib-2.0 -lfontconfig -lfreetype '
MAKEINFO='${SHELL} /home/flappix/amsynth/src/amsynth-1.8.0/missing makeinfo'
MANIFEST_TOOL=':'
MKDIR_P='/usr/bin/mkdir -p'
MSGFMT='/usr/bin/msgfmt'
MSGFMT_015='/usr/bin/msgfmt'
MSGMERGE='/usr/bin/msgmerge'
NM='/usr/bin/nm -B'
NMEDIT=''
OBJDUMP='objdump'
OBJEXT='o'
OTOOL64=''
OTOOL=''
PACKAGE='amsynth'
PACKAGE_BUGREPORT='https://github.com/amsynth/amsynth/issues'
PACKAGE_NAME='amsynth'
PACKAGE_STRING='amsynth 1.8.0'
PACKAGE_TARNAME='amsynth'
PACKAGE_URL='https://amsynth.github.io'
PACKAGE_VERSION='1.8.0'
PANDOC=''
PATH_SEPARATOR=':'
PKG_CONFIG='/usr/bin/pkg-config'
PKG_CONFIG_LIBDIR=''
PKG_CONFIG_PATH=''
POSUB='po'
RANLIB='ranlib'
SED='/usr/bin/sed'
SET_MAKE=''
SHELL='/bin/sh'
SNDFILE_CFLAGS=''
SNDFILE_LIBS='-lsndfile '
STRIP='strip'
USE_NLS='yes'
VERSION='1.8.0'
XGETTEXT='/usr/bin/xgettext'
XGETTEXT_015='/usr/bin/xgettext'
XGETTEXT_EXTRA_OPTIONS=''
ac_ct_AR='ar'
ac_ct_CC='gcc'
ac_ct_CXX='g++'
ac_ct_DUMPBIN=''
am__EXEEXT_FALSE=''
am__EXEEXT_TRUE='#'
am__fastdepCC_FALSE='#'
am__fastdepCC_TRUE=''
am__fastdepCXX_FALSE='#'
am__fastdepCXX_TRUE=''
am__include='include'
am__isrc=''
am__leading_dot='.'
am__nodep='_no'
am__quote=''
am__tar='$${TAR-tar} chof - "$$tardir"'
am__untar='$${TAR-tar} xf -'
bindir='${exec_prefix}/bin'
build='armv7l-unknown-linux-gnueabihf'
build_alias=''
build_cpu='armv7l'
build_os='linux-gnueabihf'
build_vendor='unknown'
datadir='${datarootdir}'
datarootdir='${prefix}/share'
docdir='${datarootdir}/doc/${PACKAGE_TARNAME}'
dvidir='${docdir}'
exec_prefix='${prefix}'
host='armv7l-unknown-linux-gnueabihf'
host_alias=''
host_cpu='armv7l'
host_os='linux-gnueabihf'
host_vendor='unknown'
htmldir='${docdir}'
includedir='${prefix}/include'
infodir='${datarootdir}/info'
install_sh='${SHELL} /home/flappix/amsynth/src/amsynth-1.8.0/install-sh'
intltool__v_merge_options_0='-q'
intltool__v_merge_options_='$(intltool__v_merge_options_$(AM_DEFAULT_VERBOSITY))'
libdir='${exec_prefix}/lib'
libexecdir='${exec_prefix}/libexec'
localedir='${datarootdir}/locale'
localstatedir='${prefix}/var'
mandir='${datarootdir}/man'
mkdir_p='/usr/bin/mkdir -p'
oldincludedir='/usr/include'
pdfdir='${docdir}'
prefix='/usr'
program_transform_name='s,x,x,'
psdir='${docdir}'
sbindir='${exec_prefix}/sbin'
sharedstatedir='${prefix}/com'
sysconfdir='${prefix}/etc'
target_alias=''

## ----------- ##
## confdefs.h. ##
## ----------- ##

/* confdefs.h */
#define PACKAGE_NAME "amsynth"
#define PACKAGE_TARNAME "amsynth"
#define PACKAGE_VERSION "1.8.0"
#define PACKAGE_STRING "amsynth 1.8.0"
#define PACKAGE_BUGREPORT "https://github.com/amsynth/amsynth/issues"
#define PACKAGE_URL "https://amsynth.github.io"
#define PACKAGE "amsynth"
#define VERSION "1.8.0"
#define STDC_HEADERS 1
#define HAVE_SYS_TYPES_H 1
#define HAVE_SYS_STAT_H 1
#define HAVE_STDLIB_H 1
#define HAVE_STRING_H 1
#define HAVE_MEMORY_H 1
#define HAVE_STRINGS_H 1
#define HAVE_INTTYPES_H 1
#define HAVE_STDINT_H 1
#define HAVE_UNISTD_H 1
#define HAVE_DLFCN_H 1
#define LT_OBJDIR ".libs/"
#define GETTEXT_PACKAGE "amsynth"
#define ENABLE_NLS 1
#define HAVE_GETTEXT 1
#define HAVE_DCGETTEXT 1
#define HAVE_LIBM 1
#define HAVE_LIBPTHREAD 1
#define WITH_GUI /**/
#define HAVE_SYS_SOUNDCARD_H 1
#define WITH_OSS /**/
#define WITH_ALSA /**/
#define WITH_JACK /**/
#define HAVE_JACK_MIDIPORT_H 1
#define HAVE_JACK_SESSION_H 1
#define WITH_LASH /**/
#define WITH_SNDFILE /**/

configure: exit 0
